0 info it worked if it ends with ok
1 verbose cli [ 'C:\\Program Files\\nodejs\\node.exe',
1 verbose cli   'C:\\Program Files\\nodejs\\node_modules\\npm\\bin\\npm-cli.js',
1 verbose cli   'start' ]
2 info using npm@3.10.9
3 info using node@v6.9.2
4 verbose run-script [ 'prestart', 'start', 'poststart' ]
5 info lifecycle astropix-ws@0.0.0~prestart: astropix-ws@0.0.0
6 silly lifecycle astropix-ws@0.0.0~prestart: no script for prestart, continuing
7 info lifecycle astropix-ws@0.0.0~start: astropix-ws@0.0.0
8 verbose lifecycle astropix-ws@0.0.0~start: unsafe-perm in lifecycle true
9 verbose lifecycle astropix-ws@0.0.0~start: PATH: C:\Program Files\nodejs\node_modules\npm\bin\node-gyp-bin;C:\Users\nb5386qo\Downloads\astropix-hbs-favorites-master\astropix-hbs-favorites-master\node_modules\.bin;C:\ProgramData\Oracle\Java\javapath;C:\Program Files\Common Files\Microsoft Shared\Microsoft Online Services;C:\Program Files (x86)\Common Files\Microsoft Shared\Microsoft Online Services;C:\Program Files\Microsoft MPI\Bin\;C:\Program Files\Python36\Scripts\;C:\Program Files\Python36\;C:\Windows\system32;C:\Windows;C:\Windows\System32\Wbem;C:\Windows\System32\WindowsPowerShell\v1.0\;C:\Program Files (x86)\PharosSystems\Core;C:\Windows\system32\config\systemprofile\.dnx\bin;C:\Program Files\Microsoft DNX\Dnvm\;C:\Program Files\Microsoft SQL Server\120\Tools\Binn\;C:\Users\Administrator\AppData\Local\atom\bin;C:\Program Files\apache-maven-3.3.9\bin;C:\Program Files\curl-7.52.1-win64-mingw\bin;C:\Program Files\Git\bin;C:\Program Files\Heroku\bin;C:\Program Files\MongoDB\Server\3.4\bin;C:\Program Files\nodejs;C:\Program Files\MySQL\MySQL Utilities 1.6\;C:\Program Files\MySQL\MySQL Server 5.7\bin;C:\Program Files\Java\jdk1.8.0_121;C:\Program Files (x86)\Microsoft SQL Server\130\Tools\Binn\;C:\Program Files\Microsoft SQL Server\130\Tools\Binn\;C:\Program Files (x86)\Microsoft SQL Server\130\DTS\Binn\;C:\Program Files\Microsoft SQL Server\130\DTS\Binn\;C:\Program Files\Microsoft SQL Server\Client SDK\ODBC\130\Tools\Binn\;C:\Program Files (x86)\Microsoft SQL Server\Client SDK\ODBC\130\Tools\Binn\;C:\Program Files (x86)\Microsoft SQL Server\130\Tools\Binn\ManagementStudio\;C:\Program Files\PuTTY\;C:\Program Files\PostgreSQL\9.6\bin;C:\Users\nb5386qo\AppData\Local\atom\bin
10 verbose lifecycle astropix-ws@0.0.0~start: CWD: C:\Users\nb5386qo\Downloads\astropix-hbs-favorites-master\astropix-hbs-favorites-master
11 silly lifecycle astropix-ws@0.0.0~start: Args: [ '/d /s /c', 'node ./bin/www' ]
12 silly lifecycle astropix-ws@0.0.0~start: Returned: code: 1  signal: null
13 info lifecycle astropix-ws@0.0.0~start: Failed to exec start script
14 verbose stack Error: astropix-ws@0.0.0 start: `node ./bin/www`
14 verbose stack Exit status 1
14 verbose stack     at EventEmitter.<anonymous> (C:\Program Files\nodejs\node_modules\npm\lib\utils\lifecycle.js:255:16)
14 verbose stack     at emitTwo (events.js:106:13)
14 verbose stack     at EventEmitter.emit (events.js:191:7)
14 verbose stack     at ChildProcess.<anonymous> (C:\Program Files\nodejs\node_modules\npm\lib\utils\spawn.js:40:14)
14 verbose stack     at emitTwo (events.js:106:13)
14 verbose stack     at ChildProcess.emit (events.js:191:7)
14 verbose stack     at maybeClose (internal/child_process.js:877:16)
14 verbose stack     at Process.ChildProcess._handle.onexit (internal/child_process.js:226:5)
15 verbose pkgid astropix-ws@0.0.0
16 verbose cwd C:\Users\nb5386qo\Downloads\astropix-hbs-favorites-master\astropix-hbs-favorites-master
17 error Windows_NT 10.0.10586
18 error argv "C:\\Program Files\\nodejs\\node.exe" "C:\\Program Files\\nodejs\\node_modules\\npm\\bin\\npm-cli.js" "start"
19 error node v6.9.2
20 error npm  v3.10.9
21 error code ELIFECYCLE
22 error astropix-ws@0.0.0 start: `node ./bin/www`
22 error Exit status 1
23 error Failed at the astropix-ws@0.0.0 start script 'node ./bin/www'.
23 error Make sure you have the latest version of node.js and npm installed.
23 error If you do, this is most likely a problem with the astropix-ws package,
23 error not with npm itself.
23 error Tell the author that this fails on your system:
23 error     node ./bin/www
23 error You can get information on how to open an issue for this project with:
23 error     npm bugs astropix-ws
23 error Or if that isn't available, you can get their info via:
23 error     npm owner ls astropix-ws
23 error There is likely additional logging output above.
24 verbose exit [ 1, true ]
